\n_._DATABASE:kve<>GET_VALUE||select id i from produit where id_categ=? => 2023/03/14 10:22:20am
PDOException: SQLSTATE[HY093]: Invalid parameter number: no parameters were bound in C:\laragon\www\kve\v1\config\Dbo.php:78
Stack trace:
#0 C:\laragon\www\kve\v1\config\Dbo.php(78): PDOStatement->execute(Array)
#1 C:\laragon\www\kve\v1\src\controllers\produit.php(77): Config\Dbo->getValue('select id i fro...')
#2 C:\laragon\www\kve\v1\src\routes\produit.php(102): Produit->create_delete(Object(Slim\Http\Request))
#3 [internal function]: Closure->{closure}(Object(Slim\Http\Request), Object(Slim\Http\Response), Array)
#4 C:\laragon\www\kve\v1\vendor\slim\slim\Slim\Handlers\Strategies\RequestResponse.php(40): call_user_func(Object(Closure), Object(Slim\Http\Request), Object(Slim\Http\Response), Array)
#5 C:\laragon\www\kve\v1\vendor\slim\slim\Slim\Route.php(281): Slim\Handlers\Strategies\RequestResponse->__invoke(Object(Closure), Object(Slim\Http\Request), Object(Slim\Http\Response), Array)
#6 C:\laragon\www\kve\v1\vendor\slim\slim\Slim\MiddlewareAwareTrait.php(117): Slim\Route->__invoke(Object(Slim\Http\Request), Object(Slim\Http\Response))
#7 C:\laragon\www\kve\v1\vendor\slim\slim\Slim\Route.php(268): Slim\Route->callMiddlewareStack(Object(Slim\Http\Request), Object(Slim\Http\Response))
#8 C:\laragon\www\kve\v1\vendor\slim\slim\Slim\App.php(503): Slim\Route->run(Object(Slim\Http\Request), Object(Slim\Http\Response))
#9 C:\laragon\www\kve\v1\vendor\tuupola\callable-handler\src\CallableHandler.php(51): Slim\App->__invoke(Object(Slim\Http\Request), Object(Slim\Http\Response))
#10 C:\laragon\www\kve\v1\vendor\tuupola\slim-jwt-auth\src\JwtAuthentication.php(206): Tuupola\Middleware\CallableHandler->handle(Object(Slim\Http\Request))
#11 C:\laragon\www\kve\v1\vendor\tuupola\callable-handler\src\DoublePassTrait.php(47): Tuupola\Middleware\JwtAuthentication->process(Object(Slim\Http\Request), Object(Tuupola\Middleware\CallableHandler))
#12 [internal function]: Tuupola\Middleware\JwtAuthentication->__invoke(Object(Slim\Http\Request), Object(Slim\Http\Response), Object(Slim\App))
#13 C:\laragon\www\kve\v1\vendor\slim\slim\Slim\DeferredCallable.php(57): call_user_func_array(Object(Tuupola\Middleware\JwtAuthentication), Array)
#14 [internal function]: Slim\DeferredCallable->__invoke(Object(Slim\Http\Request), Object(Slim\Http\Response), Object(Slim\App))
#15 C:\laragon\www\kve\v1\vendor\slim\slim\Slim\MiddlewareAwareTrait.php(70): call_user_func(Object(Slim\DeferredCallable), Object(Slim\Http\Request), Object(Slim\Http\Response), Object(Slim\App))
#16 C:\laragon\www\kve\v1\vendor\slim\slim\Slim\MiddlewareAwareTrait.php(117): Slim\App->Slim\{closure}(Object(Slim\Http\Request), Object(Slim\Http\Response))
#17 C:\laragon\www\kve\v1\vendor\slim\slim\Slim\App.php(392): Slim\App->callMiddlewareStack(Object(Slim\Http\Request), Object(Slim\Http\Response))
#18 C:\laragon\www\kve\v1\vendor\slim\slim\Slim\App.php(297): Slim\App->process(Object(Slim\Http\Request), Object(Slim\Http\Response))
#19 C:\laragon\www\kve\v1\index.php(70): Slim\App->run()
#20 {main}
\n_._DATABASE:kve<>GET_VALUE||select id i from produit where id_categ=? => 2023/03/14 10:22:20am
PDOException: SQLSTATE[HY093]: Invalid parameter number: no parameters were bound in C:\laragon\www\kve\v1\config\Dbo.php:78
Stack trace:
#0 C:\laragon\www\kve\v1\config\Dbo.php(78): PDOStatement->execute(Array)
#1 C:\laragon\www\kve\v1\src\controllers\produit.php(77): Config\Dbo->getValue('select id i fro...')
#2 C:\laragon\www\kve\v1\src\routes\produit.php(102): Produit->create_delete(Object(Slim\Http\Request))
#3 [internal function]: Closure->{closure}(Object(Slim\Http\Request), Object(Slim\Http\Response), Array)
#4 C:\laragon\www\kve\v1\vendor\slim\slim\Slim\Handlers\Strategies\RequestResponse.php(40): call_user_func(Object(Closure), Object(Slim\Http\Request), Object(Slim\Http\Response), Array)
#5 C:\laragon\www\kve\v1\vendor\slim\slim\Slim\Route.php(281): Slim\Handlers\Strategies\RequestResponse->__invoke(Object(Closure), Object(Slim\Http\Request), Object(Slim\Http\Response), Array)
#6 C:\laragon\www\kve\v1\vendor\slim\slim\Slim\MiddlewareAwareTrait.php(117): Slim\Route->__invoke(Object(Slim\Http\Request), Object(Slim\Http\Response))
#7 C:\laragon\www\kve\v1\vendor\slim\slim\Slim\Route.php(268): Slim\Route->callMiddlewareStack(Object(Slim\Http\Request), Object(Slim\Http\Response))
#8 C:\laragon\www\kve\v1\vendor\slim\slim\Slim\App.php(503): Slim\Route->run(Object(Slim\Http\Request), Object(Slim\Http\Response))
#9 C:\laragon\www\kve\v1\vendor\tuupola\callable-handler\src\CallableHandler.php(51): Slim\App->__invoke(Object(Slim\Http\Request), Object(Slim\Http\Response))
#10 C:\laragon\www\kve\v1\vendor\tuupola\slim-jwt-auth\src\JwtAuthentication.php(206): Tuupola\Middleware\CallableHandler->handle(Object(Slim\Http\Request))
#11 C:\laragon\www\kve\v1\vendor\tuupola\callable-handler\src\DoublePassTrait.php(47): Tuupola\Middleware\JwtAuthentication->process(Object(Slim\Http\Request), Object(Tuupola\Middleware\CallableHandler))
#12 [internal function]: Tuupola\Middleware\JwtAuthentication->__invoke(Object(Slim\Http\Request), Object(Slim\Http\Response), Object(Slim\App))
#13 C:\laragon\www\kve\v1\vendor\slim\slim\Slim\DeferredCallable.php(57): call_user_func_array(Object(Tuupola\Middleware\JwtAuthentication), Array)
#14 [internal function]: Slim\DeferredCallable->__invoke(Object(Slim\Http\Request), Object(Slim\Http\Response), Object(Slim\App))
#15 C:\laragon\www\kve\v1\vendor\slim\slim\Slim\MiddlewareAwareTrait.php(70): call_user_func(Object(Slim\DeferredCallable), Object(Slim\Http\Request), Object(Slim\Http\Response), Object(Slim\App))
#16 C:\laragon\www\kve\v1\vendor\slim\slim\Slim\MiddlewareAwareTrait.php(117): Slim\App->Slim\{closure}(Object(Slim\Http\Request), Object(Slim\Http\Response))
#17 C:\laragon\www\kve\v1\vendor\slim\slim\Slim\App.php(392): Slim\App->callMiddlewareStack(Object(Slim\Http\Request), Object(Slim\Http\Response))
#18 C:\laragon\www\kve\v1\vendor\slim\slim\Slim\App.php(297): Slim\App->process(Object(Slim\Http\Request), Object(Slim\Http\Response))
#19 C:\laragon\www\kve\v1\index.php(70): Slim\App->run()
#20 {main}
\n_._DATABASE:kve<>GET_VALUE||select id i from production where id_produit=? => 2023/03/20 09:28:40am
PDOException: SQLSTATE[HY093]: Invalid parameter number: no parameters were bound in C:\laragon\www\kve\v1\config\Dbo.php:78
Stack trace:
#0 C:\laragon\www\kve\v1\config\Dbo.php(78): PDOStatement->execute(Array)
#1 C:\laragon\www\kve\v1\src\controllers\produit.php(89): Config\Dbo->getValue('select id i fro...')
#2 C:\laragon\www\kve\v1\src\routes\produit.php(45): Produit->delete_produit(Object(Slim\Http\Request))
#3 [internal function]: Closure->{closure}(Object(Slim\Http\Request), Object(Slim\Http\Response), Array)
#4 C:\laragon\www\kve\v1\vendor\slim\slim\Slim\Handlers\Strategies\RequestResponse.php(40): call_user_func(Object(Closure), Object(Slim\Http\Request), Object(Slim\Http\Response), Array)
#5 C:\laragon\www\kve\v1\vendor\slim\slim\Slim\Route.php(281): Slim\Handlers\Strategies\RequestResponse->__invoke(Object(Closure), Object(Slim\Http\Request), Object(Slim\Http\Response), Array)
#6 C:\laragon\www\kve\v1\vendor\slim\slim\Slim\MiddlewareAwareTrait.php(117): Slim\Route->__invoke(Object(Slim\Http\Request), Object(Slim\Http\Response))
#7 C:\laragon\www\kve\v1\vendor\slim\slim\Slim\Route.php(268): Slim\Route->callMiddlewareStack(Object(Slim\Http\Request), Object(Slim\Http\Response))
#8 C:\laragon\www\kve\v1\vendor\slim\slim\Slim\App.php(503): Slim\Route->run(Object(Slim\Http\Request), Object(Slim\Http\Response))
#9 C:\laragon\www\kve\v1\vendor\tuupola\callable-handler\src\CallableHandler.php(51): Slim\App->__invoke(Object(Slim\Http\Request), Object(Slim\Http\Response))
#10 C:\laragon\www\kve\v1\vendor\tuupola\slim-jwt-auth\src\JwtAuthentication.php(206): Tuupola\Middleware\CallableHandler->handle(Object(Slim\Http\Request))
#11 C:\laragon\www\kve\v1\vendor\tuupola\callable-handler\src\DoublePassTrait.php(47): Tuupola\Middleware\JwtAuthentication->process(Object(Slim\Http\Request), Object(Tuupola\Middleware\CallableHandler))
#12 [internal function]: Tuupola\Middleware\JwtAuthentication->__invoke(Object(Slim\Http\Request), Object(Slim\Http\Response), Object(Slim\App))
#13 C:\laragon\www\kve\v1\vendor\slim\slim\Slim\DeferredCallable.php(57): call_user_func_array(Object(Tuupola\Middleware\JwtAuthentication), Array)
#14 [internal function]: Slim\DeferredCallable->__invoke(Object(Slim\Http\Request), Object(Slim\Http\Response), Object(Slim\App))
#15 C:\laragon\www\kve\v1\vendor\slim\slim\Slim\MiddlewareAwareTrait.php(70): call_user_func(Object(Slim\DeferredCallable), Object(Slim\Http\Request), Object(Slim\Http\Response), Object(Slim\App))
#16 C:\laragon\www\kve\v1\vendor\slim\slim\Slim\MiddlewareAwareTrait.php(117): Slim\App->Slim\{closure}(Object(Slim\Http\Request), Object(Slim\Http\Response))
#17 C:\laragon\www\kve\v1\vendor\slim\slim\Slim\App.php(392): Slim\App->callMiddlewareStack(Object(Slim\Http\Request), Object(Slim\Http\Response))
#18 C:\laragon\www\kve\v1\vendor\slim\slim\Slim\App.php(297): Slim\App->process(Object(Slim\Http\Request), Object(Slim\Http\Response))
#19 C:\laragon\www\kve\v1\index.php(70): Slim\App->run()
#20 {main}
\n_._DATABASE:kve<>GET_VALUE||select id i from produit where id_categ=? => 2023/03/14 10:22:20am
PDOException: SQLSTATE[HY093]: Invalid parameter number: no parameters were bound in C:\laragon\www\kve\v1\config\Dbo.php:78
Stack trace:
#0 C:\laragon\www\kve\v1\config\Dbo.php(78): PDOStatement->execute(Array)
#1 C:\laragon\www\kve\v1\src\controllers\produit.php(77): Config\Dbo->getValue('select id i fro...')
#2 C:\laragon\www\kve\v1\src\routes\produit.php(102): Produit->create_delete(Object(Slim\Http\Request))
#3 [internal function]: Closure->{closure}(Object(Slim\Http\Request), Object(Slim\Http\Response), Array)
#4 C:\laragon\www\kve\v1\vendor\slim\slim\Slim\Handlers\Strategies\RequestResponse.php(40): call_user_func(Object(Closure), Object(Slim\Http\Request), Object(Slim\Http\Response), Array)
#5 C:\laragon\www\kve\v1\vendor\slim\slim\Slim\Route.php(281): Slim\Handlers\Strategies\RequestResponse->__invoke(Object(Closure), Object(Slim\Http\Request), Object(Slim\Http\Response), Array)
#6 C:\laragon\www\kve\v1\vendor\slim\slim\Slim\MiddlewareAwareTrait.php(117): Slim\Route->__invoke(Object(Slim\Http\Request), Object(Slim\Http\Response))
#7 C:\laragon\www\kve\v1\vendor\slim\slim\Slim\Route.php(268): Slim\Route->callMiddlewareStack(Object(Slim\Http\Request), Object(Slim\Http\Response))
#8 C:\laragon\www\kve\v1\vendor\slim\slim\Slim\App.php(503): Slim\Route->run(Object(Slim\Http\Request), Object(Slim\Http\Response))
#9 C:\laragon\www\kve\v1\vendor\tuupola\callable-handler\src\CallableHandler.php(51): Slim\App->__invoke(Object(Slim\Http\Request), Object(Slim\Http\Response))
#10 C:\laragon\www\kve\v1\vendor\tuupola\slim-jwt-auth\src\JwtAuthentication.php(206): Tuupola\Middleware\CallableHandler->handle(Object(Slim\Http\Request))
#11 C:\laragon\www\kve\v1\vendor\tuupola\callable-handler\src\DoublePassTrait.php(47): Tuupola\Middleware\JwtAuthentication->process(Object(Slim\Http\Request), Object(Tuupola\Middleware\CallableHandler))
#12 [internal function]: Tuupola\Middleware\JwtAuthentication->__invoke(Object(Slim\Http\Request), Object(Slim\Http\Response), Object(Slim\App))
#13 C:\laragon\www\kve\v1\vendor\slim\slim\Slim\DeferredCallable.php(57): call_user_func_array(Object(Tuupola\Middleware\JwtAuthentication), Array)
#14 [internal function]: Slim\DeferredCallable->__invoke(Object(Slim\Http\Request), Object(Slim\Http\Response), Object(Slim\App))
#15 C:\laragon\www\kve\v1\vendor\slim\slim\Slim\MiddlewareAwareTrait.php(70): call_user_func(Object(Slim\DeferredCallable), Object(Slim\Http\Request), Object(Slim\Http\Response), Object(Slim\App))
#16 C:\laragon\www\kve\v1\vendor\slim\slim\Slim\MiddlewareAwareTrait.php(117): Slim\App->Slim\{closure}(Object(Slim\Http\Request), Object(Slim\Http\Response))
#17 C:\laragon\www\kve\v1\vendor\slim\slim\Slim\App.php(392): Slim\App->callMiddlewareStack(Object(Slim\Http\Request), Object(Slim\Http\Response))
#18 C:\laragon\www\kve\v1\vendor\slim\slim\Slim\App.php(297): Slim\App->process(Object(Slim\Http\Request), Object(Slim\Http\Response))
#19 C:\laragon\www\kve\v1\index.php(70): Slim\App->run()
#20 {main}
\n_._DATABASE:kve<>GET_VALUE||select id i from produit where id_categ=? => 2023/03/14 10:22:20am
PDOException: SQLSTATE[HY093]: Invalid parameter number: no parameters were bound in C:\laragon\www\kve\v1\config\Dbo.php:78
Stack trace:
#0 C:\laragon\www\kve\v1\config\Dbo.php(78): PDOStatement->execute(Array)
#1 C:\laragon\www\kve\v1\src\controllers\produit.php(77): Config\Dbo->getValue('select id i fro...')
#2 C:\laragon\www\kve\v1\src\routes\produit.php(102): Produit->create_delete(Object(Slim\Http\Request))
#3 [internal function]: Closure->{closure}(Object(Slim\Http\Request), Object(Slim\Http\Response), Array)
#4 C:\laragon\www\kve\v1\vendor\slim\slim\Slim\Handlers\Strategies\RequestResponse.php(40): call_user_func(Object(Closure), Object(Slim\Http\Request), Object(Slim\Http\Response), Array)
#5 C:\laragon\www\kve\v1\vendor\slim\slim\Slim\Route.php(281): Slim\Handlers\Strategies\RequestResponse->__invoke(Object(Closure), Object(Slim\Http\Request), Object(Slim\Http\Response), Array)
#6 C:\laragon\www\kve\v1\vendor\slim\slim\Slim\MiddlewareAwareTrait.php(117): Slim\Route->__invoke(Object(Slim\Http\Request), Object(Slim\Http\Response))
#7 C:\laragon\www\kve\v1\vendor\slim\slim\Slim\Route.php(268): Slim\Route->callMiddlewareStack(Object(Slim\Http\Request), Object(Slim\Http\Response))
#8 C:\laragon\www\kve\v1\vendor\slim\slim\Slim\App.php(503): Slim\Route->run(Object(Slim\Http\Request), Object(Slim\Http\Response))
#9 C:\laragon\www\kve\v1\vendor\tuupola\callable-handler\src\CallableHandler.php(51): Slim\App->__invoke(Object(Slim\Http\Request), Object(Slim\Http\Response))
#10 C:\laragon\www\kve\v1\vendor\tuupola\slim-jwt-auth\src\JwtAuthentication.php(206): Tuupola\Middleware\CallableHandler->handle(Object(Slim\Http\Request))
#11 C:\laragon\www\kve\v1\vendor\tuupola\callable-handler\src\DoublePassTrait.php(47): Tuupola\Middleware\JwtAuthentication->process(Object(Slim\Http\Request), Object(Tuupola\Middleware\CallableHandler))
#12 [internal function]: Tuupola\Middleware\JwtAuthentication->__invoke(Object(Slim\Http\Request), Object(Slim\Http\Response), Object(Slim\App))
#13 C:\laragon\www\kve\v1\vendor\slim\slim\Slim\DeferredCallable.php(57): call_user_func_array(Object(Tuupola\Middleware\JwtAuthentication), Array)
#14 [internal function]: Slim\DeferredCallable->__invoke(Object(Slim\Http\Request), Object(Slim\Http\Response), Object(Slim\App))
#15 C:\laragon\www\kve\v1\vendor\slim\slim\Slim\MiddlewareAwareTrait.php(70): call_user_func(Object(Slim\DeferredCallable), Object(Slim\Http\Request), Object(Slim\Http\Response), Object(Slim\App))
#16 C:\laragon\www\kve\v1\vendor\slim\slim\Slim\MiddlewareAwareTrait.php(117): Slim\App->Slim\{closure}(Object(Slim\Http\Request), Object(Slim\Http\Response))
#17 C:\laragon\www\kve\v1\vendor\slim\slim\Slim\App.php(392): Slim\App->callMiddlewareStack(Object(Slim\Http\Request), Object(Slim\Http\Response))
#18 C:\laragon\www\kve\v1\vendor\slim\slim\Slim\App.php(297): Slim\App->process(Object(Slim\Http\Request), Object(Slim\Http\Response))
#19 C:\laragon\www\kve\v1\index.php(70): Slim\App->run()
#20 {main}
\n_._DATABASE:kve<>GET_VALUE||select id i from production where id_produit=? => 2023/03/20 09:28:40am
PDOException: SQLSTATE[HY093]: Invalid parameter number: no parameters were bound in C:\laragon\www\kve\v1\config\Dbo.php:78
Stack trace:
#0 C:\laragon\www\kve\v1\config\Dbo.php(78): PDOStatement->execute(Array)
#1 C:\laragon\www\kve\v1\src\controllers\produit.php(89): Config\Dbo->getValue('select id i fro...')
#2 C:\laragon\www\kve\v1\src\routes\produit.php(45): Produit->delete_produit(Object(Slim\Http\Request))
#3 [internal function]: Closure->{closure}(Object(Slim\Http\Request), Object(Slim\Http\Response), Array)
#4 C:\laragon\www\kve\v1\vendor\slim\slim\Slim\Handlers\Strategies\RequestResponse.php(40): call_user_func(Object(Closure), Object(Slim\Http\Request), Object(Slim\Http\Response), Array)
#5 C:\laragon\www\kve\v1\vendor\slim\slim\Slim\Route.php(281): Slim\Handlers\Strategies\RequestResponse->__invoke(Object(Closure), Object(Slim\Http\Request), Object(Slim\Http\Response), Array)
#6 C:\laragon\www\kve\v1\vendor\slim\slim\Slim\MiddlewareAwareTrait.php(117): Slim\Route->__invoke(Object(Slim\Http\Request), Object(Slim\Http\Response))
#7 C:\laragon\www\kve\v1\vendor\slim\slim\Slim\Route.php(268): Slim\Route->callMiddlewareStack(Object(Slim\Http\Request), Object(Slim\Http\Response))
#8 C:\laragon\www\kve\v1\vendor\slim\slim\Slim\App.php(503): Slim\Route->run(Object(Slim\Http\Request), Object(Slim\Http\Response))
#9 C:\laragon\www\kve\v1\vendor\tuupola\callable-handler\src\CallableHandler.php(51): Slim\App->__invoke(Object(Slim\Http\Request), Object(Slim\Http\Response))
#10 C:\laragon\www\kve\v1\vendor\tuupola\slim-jwt-auth\src\JwtAuthentication.php(206): Tuupola\Middleware\CallableHandler->handle(Object(Slim\Http\Request))
#11 C:\laragon\www\kve\v1\vendor\tuupola\callable-handler\src\DoublePassTrait.php(47): Tuupola\Middleware\JwtAuthentication->process(Object(Slim\Http\Request), Object(Tuupola\Middleware\CallableHandler))
#12 [internal function]: Tuupola\Middleware\JwtAuthentication->__invoke(Object(Slim\Http\Request), Object(Slim\Http\Response), Object(Slim\App))
#13 C:\laragon\www\kve\v1\vendor\slim\slim\Slim\DeferredCallable.php(57): call_user_func_array(Object(Tuupola\Middleware\JwtAuthentication), Array)
#14 [internal function]: Slim\DeferredCallable->__invoke(Object(Slim\Http\Request), Object(Slim\Http\Response), Object(Slim\App))
#15 C:\laragon\www\kve\v1\vendor\slim\slim\Slim\MiddlewareAwareTrait.php(70): call_user_func(Object(Slim\DeferredCallable), Object(Slim\Http\Request), Object(Slim\Http\Response), Object(Slim\App))
#16 C:\laragon\www\kve\v1\vendor\slim\slim\Slim\MiddlewareAwareTrait.php(117): Slim\App->Slim\{closure}(Object(Slim\Http\Request), Object(Slim\Http\Response))
#17 C:\laragon\www\kve\v1\vendor\slim\slim\Slim\App.php(392): Slim\App->callMiddlewareStack(Object(Slim\Http\Request), Object(Slim\Http\Response))
#18 C:\laragon\www\kve\v1\vendor\slim\slim\Slim\App.php(297): Slim\App->process(Object(Slim\Http\Request), Object(Slim\Http\Response))
#19 C:\laragon\www\kve\v1\index.php(70): Slim\App->run()
#20 {main}
\n_._DATABASE:kve<>GET_VALUE||select id i from production where id_produit=? => 2023/03/20 09:28:45am
PDOException: SQLSTATE[HY093]: Invalid parameter number: no parameters were bound in C:\laragon\www\kve\v1\config\Dbo.php:78
Stack trace:
#0 C:\laragon\www\kve\v1\config\Dbo.php(78): PDOStatement->execute(Array)
#1 C:\laragon\www\kve\v1\src\controllers\produit.php(89): Config\Dbo->getValue('select id i fro...')
#2 C:\laragon\www\kve\v1\src\routes\produit.php(45): Produit->delete_produit(Object(Slim\Http\Request))
#3 [internal function]: Closure->{closure}(Object(Slim\Http\Request), Object(Slim\Http\Response), Array)
#4 C:\laragon\www\kve\v1\vendor\slim\slim\Slim\Handlers\Strategies\RequestResponse.php(40): call_user_func(Object(Closure), Object(Slim\Http\Request), Object(Slim\Http\Response), Array)
#5 C:\laragon\www\kve\v1\vendor\slim\slim\Slim\Route.php(281): Slim\Handlers\Strategies\RequestResponse->__invoke(Object(Closure), Object(Slim\Http\Request), Object(Slim\Http\Response), Array)
#6 C:\laragon\www\kve\v1\vendor\slim\slim\Slim\MiddlewareAwareTrait.php(117): Slim\Route->__invoke(Object(Slim\Http\Request), Object(Slim\Http\Response))
#7 C:\laragon\www\kve\v1\vendor\slim\slim\Slim\Route.php(268): Slim\Route->callMiddlewareStack(Object(Slim\Http\Request), Object(Slim\Http\Response))
#8 C:\laragon\www\kve\v1\vendor\slim\slim\Slim\App.php(503): Slim\Route->run(Object(Slim\Http\Request), Object(Slim\Http\Response))
#9 C:\laragon\www\kve\v1\vendor\tuupola\callable-handler\src\CallableHandler.php(51): Slim\App->__invoke(Object(Slim\Http\Request), Object(Slim\Http\Response))
#10 C:\laragon\www\kve\v1\vendor\tuupola\slim-jwt-auth\src\JwtAuthentication.php(206): Tuupola\Middleware\CallableHandler->handle(Object(Slim\Http\Request))
#11 C:\laragon\www\kve\v1\vendor\tuupola\callable-handler\src\DoublePassTrait.php(47): Tuupola\Middleware\JwtAuthentication->process(Object(Slim\Http\Request), Object(Tuupola\Middleware\CallableHandler))
#12 [internal function]: Tuupola\Middleware\JwtAuthentication->__invoke(Object(Slim\Http\Request), Object(Slim\Http\Response), Object(Slim\App))
#13 C:\laragon\www\kve\v1\vendor\slim\slim\Slim\DeferredCallable.php(57): call_user_func_array(Object(Tuupola\Middleware\JwtAuthentication), Array)
#14 [internal function]: Slim\DeferredCallable->__invoke(Object(Slim\Http\Request), Object(Slim\Http\Response), Object(Slim\App))
#15 C:\laragon\www\kve\v1\vendor\slim\slim\Slim\MiddlewareAwareTrait.php(70): call_user_func(Object(Slim\DeferredCallable), Object(Slim\Http\Request), Object(Slim\Http\Response), Object(Slim\App))
#16 C:\laragon\www\kve\v1\vendor\slim\slim\Slim\MiddlewareAwareTrait.php(117): Slim\App->Slim\{closure}(Object(Slim\Http\Request), Object(Slim\Http\Response))
#17 C:\laragon\www\kve\v1\vendor\slim\slim\Slim\App.php(392): Slim\App->callMiddlewareStack(Object(Slim\Http\Request), Object(Slim\Http\Response))
#18 C:\laragon\www\kve\v1\vendor\slim\slim\Slim\App.php(297): Slim\App->process(Object(Slim\Http\Request), Object(Slim\Http\Response))
#19 C:\laragon\www\kve\v1\index.php(70): Slim\App->run()
#20 {main}
